<?xml version="1.0" encoding="UTF-8"?>
<!-- Generated by org.testng.reporters.JUnitReportReporter -->
<testsuite hostname="Rizwans-MacBook-Air.local" failures="0" tests="1" name="Test.testNGTest" time="1.893" errors="0" timestamp="09 May 2024 16:18:26 GMT" skipped="0">
  <testcase classname="Test.testNGTest" name="googleSearchPage" time="1.893"/>
</testsuite> <!-- Test.testNGTest -->
