<?xml version="1.0" encoding="UTF-8"?>
<!-- Generated by org.testng.reporters.JUnitReportReporter -->
<testsuite hostname="Rizwans-MacBook-Air.local" failures="0" tests="3" name="Test.shopClueTest.Test2_AlertExample" time="8.673" errors="0" timestamp="23 Jul 2024 02:27:29 GMT" skipped="0">
  <testcase classname="Test.shopClueTest.Test2_AlertExample" name="iFrameWindowOnHomePageTest1" time="4.085"/>
  <testcase classname="Test.shopClueTest.Test2_AlertExample" name="greenRibbonClickTest2" time="1.224"/>
  <testcase classname="Test.shopClueTest.Test2_AlertExample" name="enterTextInTextboxTest3" time="3.364"/>
</testsuite> <!-- Test.shopClueTest.Test2_AlertExample -->
