<?xml version="1.0" encoding="UTF-8"?>
<!-- Generated by org.testng.reporters.JUnitReportReporter -->
<testsuite hostname="Rizwans-MacBook-Air.local" failures="0" tests="1" name="Test.screenShotExample" time="11.624" errors="0" timestamp="22 Jul. 2024 05:48:30 GMT" skipped="0">
  <testcase classname="Test.screenShotExample" name="googleTestPage" time="11.624"/>
</testsuite> <!-- Test.screenShotExample -->
