<?xml version="1.0" encoding="UTF-8"?>
<!-- Generated by org.testng.reporters.JUnitReportReporter -->
<testsuite hostname="Rizwans-MacBook-Air.local" failures="0" tests="1" name="Test.testNGTest" time="2.303" errors="0" timestamp="20 Jul. 2024 01:30:15 GMT" skipped="0">
  <testcase classname="Test.testNGTest" name="googleSearchPage" time="2.303"/>
</testsuite> <!-- Test.testNGTest -->
