<?xml version="1.0" encoding="UTF-8"?>
<!-- Generated by org.testng.reporters.JUnitReportReporter -->
<testsuite hostname="Rizwans-MacBook-Air.local" failures="0" tests="1" name="Test.shopClueTest.Test4_RobotClass" time="12.820" errors="0" timestamp="23 Jul 2024 17:37:26 GMT" skipped="0">
  <testcase classname="Test.shopClueTest.Test4_RobotClass" name="RobotClassTest" time="12.820"/>
</testsuite> <!-- Test.shopClueTest.Test4_RobotClass -->
